2026-02-22 06:00:32,754 - INFO - TrackerBot - Base de données initialisée.
2026-02-22 06:00:32,796 - INFO - TrackerBot - Données DataDragon (Champions) chargées.
2026-02-22 06:00:32,796 - INFO - TrackerBot - Tracer de partie (Match Tracking) lancé.
2026-02-22 06:00:32,796 - INFO - TrackerBot - Récapitulatif horaire des LP lancé.
2026-02-22 06:00:33,034 - INFO - TrackerBot - Commandes Slash synchronisées avec succès.
2026-02-22 06:00:35,367 - INFO - TrackerBot - Connecté en tant que Je te voit#5197 (ID: 1474839070277632163)
2026-02-22 06:00:35,367 - INFO - TrackerBot - ------
2026-02-22 06:08:46,040 - INFO - TrackerBot - Base de données initialisée.
2026-02-22 06:08:46,101 - INFO - TrackerBot - Données DataDragon (Champions) chargées.
2026-02-22 06:08:46,102 - INFO - TrackerBot - Tracer de partie (Match Tracking) lancé.
2026-02-22 06:08:46,102 - INFO - TrackerBot - Récapitulatif horaire des LP lancé.
2026-02-22 06:08:46,321 - INFO - TrackerBot - Commandes Slash synchronisées avec succès.
2026-02-22 06:08:48,662 - INFO - TrackerBot - Connecté en tant que Je te voit#5197 (ID: 1474839070277632163)
2026-02-22 06:08:48,662 - INFO - TrackerBot - ------
2026-02-22 06:14:30,668 - INFO - TrackerBot - Base de données initialisée.
2026-02-22 06:14:30,711 - INFO - TrackerBot - Données DataDragon (Champions) chargées.
2026-02-22 06:14:30,713 - INFO - TrackerBot - Tracer de partie (Match Tracking) lancé.
2026-02-22 06:14:30,713 - INFO - TrackerBot - Récapitulatif horaire des LP lancé.
2026-02-22 06:14:30,911 - INFO - TrackerBot - Commandes Slash synchronisées avec succès.
2026-02-22 06:14:33,244 - INFO - TrackerBot - Connecté en tant que Je te voit#5197 (ID: 1474839070277632163)
2026-02-22 06:14:33,244 - INFO - TrackerBot - ------
2026-02-22 06:29:08,324 - INFO - TrackerBot - Base de données initialisée.
2026-02-22 06:29:08,375 - INFO - TrackerBot - Données DataDragon (Champions) chargées.
2026-02-22 06:29:08,375 - INFO - TrackerBot - Tracer de partie (Match Tracking) lancé.
2026-02-22 06:29:08,375 - INFO - TrackerBot - Récapitulatif horaire des LP lancé.
2026-02-22 06:29:08,650 - INFO - TrackerBot - Commandes Slash synchronisées avec succès.
2026-02-22 06:29:11,114 - INFO - TrackerBot - Connecté en tant que Je te voit#5197 (ID: 1474839070277632163)
2026-02-22 06:29:11,115 - INFO - TrackerBot - ------
2026-02-22 06:56:30,703 - INFO - TrackerBot - Base de données initialisée.
2026-02-22 06:56:30,747 - INFO - TrackerBot - Données DataDragon (Champions) chargées.
2026-02-22 06:56:30,747 - INFO - TrackerBot - Tracer de partie (Match Tracking) lancé.
2026-02-22 06:56:30,747 - INFO - TrackerBot - Récapitulatif horaire des LP lancé.
2026-02-22 06:56:31,040 - INFO - TrackerBot - Commandes Slash synchronisées avec succès.
2026-02-22 06:56:33,405 - INFO - TrackerBot - Connecté en tant que Je te voit#5197 (ID: 1474839070277632163)
2026-02-22 06:56:33,405 - INFO - TrackerBot - ------
2026-02-22 07:00:07,422 - INFO - TrackerBot - Base de données initialisée.
2026-02-22 07:00:07,463 - INFO - TrackerBot - Données DataDragon (Champions) chargées.
2026-02-22 07:00:07,473 - INFO - TrackerBot - Tracer de partie (Match Tracking) lancé.
2026-02-22 07:00:07,474 - INFO - TrackerBot - Récapitulatif horaire des LP lancé.
2026-02-22 07:00:07,806 - INFO - TrackerBot - Commandes Slash synchronisées avec succès.
2026-02-22 07:00:10,155 - INFO - TrackerBot - Connecté en tant que Je te voit#5197 (ID: 1474839070277632163)
2026-02-22 07:00:10,155 - INFO - TrackerBot - ------
2026-02-22 07:01:44,367 - INFO - TrackerBot - Base de données initialisée.
2026-02-22 07:01:44,414 - INFO - TrackerBot - Données DataDragon (Champions) chargées.
2026-02-22 07:01:44,415 - INFO - TrackerBot - Tracer de partie (Match Tracking) lancé.
2026-02-22 07:01:44,415 - INFO - TrackerBot - Récapitulatif horaire des LP lancé.
2026-02-22 07:01:44,609 - INFO - TrackerBot - Commandes Slash synchronisées avec succès.
2026-02-22 07:01:46,987 - INFO - TrackerBot - Connecté en tant que Je te voit#5197 (ID: 1474839070277632163)
2026-02-22 07:01:46,988 - INFO - TrackerBot - ------
2026-02-22 07:02:25,881 - INFO - TrackerBot - Base de données initialisée.
2026-02-22 07:02:25,925 - INFO - TrackerBot - Données DataDragon (Champions) chargées.
2026-02-22 07:02:25,925 - INFO - TrackerBot - Tracer de partie (Match Tracking) lancé.
2026-02-22 07:02:25,926 - INFO - TrackerBot - Récapitulatif horaire des LP lancé.
2026-02-22 07:02:26,376 - INFO - TrackerBot - Commandes Slash synchronisées avec succès.
2026-02-22 07:02:28,754 - INFO - TrackerBot - Connecté en tant que Je te voit#5197 (ID: 1474839070277632163)
2026-02-22 07:02:28,754 - INFO - TrackerBot - ------
2026-02-22 19:19:03,900 - INFO - TrackerBot - Base de données initialisée.
2026-02-22 19:19:03,935 - INFO - TrackerBot - Données DataDragon (Champions) chargées.
2026-02-22 19:19:03,936 - INFO - TrackerBot - Tracer de partie (Match Tracking) lancé.
2026-02-22 19:19:03,936 - INFO - TrackerBot - Récapitulatif horaire des LP lancé.
2026-02-22 19:19:04,240 - INFO - TrackerBot - Commandes Slash synchronisées avec succès.
2026-02-22 19:19:06,707 - INFO - TrackerBot - Connecté en tant que Je te voit#5197 (ID: 1474839070277632163)
2026-02-22 19:19:06,708 - INFO - TrackerBot - ------
2026-02-22 19:39:54,421 - INFO - TrackerBot - Base de données initialisée.
2026-02-22 19:39:54,457 - INFO - TrackerBot - Données DataDragon (Champions) chargées.
2026-02-22 19:39:54,457 - INFO - TrackerBot - Tracer de partie (Match Tracking) lancé.
2026-02-22 19:39:54,457 - INFO - TrackerBot - Récapitulatif horaire des LP lancé.
2026-02-22 19:39:54,838 - INFO - TrackerBot - Commandes Slash synchronisées avec succès.
2026-02-22 19:39:57,165 - INFO - TrackerBot - Connecté en tant que Je te voit#5197 (ID: 1474839070277632163)
2026-02-22 19:39:57,166 - INFO - TrackerBot - ------
2026-02-22 20:26:10,988 - INFO - TrackerBot - Base de données initialisée.
2026-02-22 20:26:11,048 - INFO - TrackerBot - Données DataDragon (Champions) chargées.
2026-02-22 20:26:11,048 - INFO - TrackerBot - Tracer de partie (Match Tracking) lancé.
2026-02-22 20:26:11,048 - INFO - TrackerBot - Récapitulatif horaire des LP lancé.
2026-02-22 20:26:11,383 - INFO - TrackerBot - Commandes Slash synchronisées avec succès.
2026-02-22 20:26:13,740 - INFO - TrackerBot - Connecté en tant que Je te voit#5197 (ID: 1474839070277632163)
2026-02-22 20:26:13,740 - INFO - TrackerBot - ------
